<?xml version="1.0" encoding="UTF-8"?>
<!-- Generated by org.testng.reporters.JUnitXMLReporter -->
<testsuite ignored="0" hostname="DESKTOP-BBH14TC" failures="0" tests="1" name="Test" time="26.071" errors="0" timestamp="2023-09-13T13:15:11 IST">
  <testcase classname="mobileautomation.BaseClassTest" name="@BeforeClass setup" time="26.023">
    <failure type="org.openqa.selenium.NoSuchElementException" message="An element could not be located on the page using the given search parameters.
For documentation on this error, please visit: https://www.selenium.dev/documentation/webdriver/troubleshooting/errors#no-such-element-exception
Build info: version: &amp;apos;4.10.0&amp;apos;, revision: &amp;apos;c14d967899&amp;apos;
System info: os.name: &amp;apos;Windows 10&amp;apos;, os.arch: &amp;apos;amd64&amp;apos;, os.version: &amp;apos;10.0&amp;apos;, java.version: &amp;apos;17.0.8.1&amp;apos;
Driver info: io.appium.java_client.android.AndroidDriver
Command: [fcc9b8a3-0eb5-4ef9-9400-ff9c19e088a2, findElement {using=xpath, value=//*[@text =&amp;apos;Join the club&amp;apos;]}]
Capabilities {appium:appActivity: com.choosy.lofty.MainActivity, appium:appPackage: com.choosy.lofty, appium:autoGrantPermissions: true, appium:databaseEnabled: false, appium:desired: {appActivity: com.choosy.lofty.MainActivity, appPackage: com.choosy.lofty, autoGrantPermissions: true, deviceName: Oneplus 7, newCommandTimeout: 60, noReset: true, platformName: ANDROID, platformVersion: 12.0, udid: 2654efd6}, appium:deviceApiLevel: 31, appium:deviceManufacturer: OnePlus, appium:deviceModel: GM1901, appium:deviceName: 2654efd6, appium:deviceScreenDensity: 450, appium:deviceScreenSize: 1080x2340, appium:deviceUDID: 2654efd6, appium:javascriptEnabled: true, appium:locationContextEnabled: false, appium:networkConnectionEnabled: true, appium:newCommandTimeout: 60, appium:noReset: true, appium:pixelRatio: 2.8125, appium:platformVersion: 12, appium:statBarHeight: 80, appium:takesScreenshot: true, appium:udid: 2654efd6, appium:viewportRect: {height: 2135, left: 0, top: 80, width: 1080}, appium:warnings: {}, appium:webStorageEnabled: false, platformName: ANDROID}
Session ID: fcc9b8a3-0eb5-4ef9-9400-ff9c19e088a2">
      <![CDATA[org.openqa.selenium.NoSuchElementException: An element could not be located on the page using the given search parameters.
For documentation on this error, please visit: https://www.selenium.dev/documentation/webdriver/troubleshooting/errors#no-such-element-exception
Build info: version: '4.10.0', revision: 'c14d967899'
System info: os.name: 'Windows 10', os.arch: 'amd64', os.version: '10.0', java.version: '17.0.8.1'
Driver info: io.appium.java_client.android.AndroidDriver
Command: [fcc9b8a3-0eb5-4ef9-9400-ff9c19e088a2, findElement {using=xpath, value=//*[@text ='Join the club']}]
Capabilities {appium:appActivity: com.choosy.lofty.MainActivity, appium:appPackage: com.choosy.lofty, appium:autoGrantPermissions: true, appium:databaseEnabled: false, appium:desired: {appActivity: com.choosy.lofty.MainActivity, appPackage: com.choosy.lofty, autoGrantPermissions: true, deviceName: Oneplus 7, newCommandTimeout: 60, noReset: true, platformName: ANDROID, platformVersion: 12.0, udid: 2654efd6}, appium:deviceApiLevel: 31, appium:deviceManufacturer: OnePlus, appium:deviceModel: GM1901, appium:deviceName: 2654efd6, appium:deviceScreenDensity: 450, appium:deviceScreenSize: 1080x2340, appium:deviceUDID: 2654efd6, appium:javascriptEnabled: true, appium:locationContextEnabled: false, appium:networkConnectionEnabled: true, appium:newCommandTimeout: 60, appium:noReset: true, appium:pixelRatio: 2.8125, appium:platformVersion: 12, appium:statBarHeight: 80, appium:takesScreenshot: true, appium:udid: 2654efd6, appium:viewportRect: {height: 2135, left: 0, top: 80, width: 1080}, appium:warnings: {}, appium:webStorageEnabled: false, platformName: ANDROID}
Session ID: fcc9b8a3-0eb5-4ef9-9400-ff9c19e088a2
at org.openqa.selenium.remote.codec.w3c.W3CHttpResponseCodec.createException(W3CHttpResponseCodec.java:199)
at org.openqa.selenium.remote.codec.w3c.W3CHttpResponseCodec.decode(W3CHttpResponseCodec.java:132)
at org.openqa.selenium.remote.codec.w3c.W3CHttpResponseCodec.decode(W3CHttpResponseCodec.java:51)
at org.openqa.selenium.remote.HttpCommandExecutor.execute(HttpCommandExecutor.java:191)
at io.appium.java_client.remote.AppiumCommandExecutor.execute(AppiumCommandExecutor.java:250)
at org.openqa.selenium.remote.RemoteWebDriver.execute(RemoteWebDriver.java:531)
at org.openqa.selenium.remote.ElementLocation$ElementFinder$2.findElement(ElementLocation.java:165)
at org.openqa.selenium.remote.ElementLocation.findElement(ElementLocation.java:59)
at org.openqa.selenium.remote.RemoteWebDriver.findElement(RemoteWebDriver.java:350)
at org.openqa.selenium.remote.RemoteWebDriver.findElement(RemoteWebDriver.java:344)
at mobileautomation.BaseClassTest.setup(BaseClassTest.java:45)
at java.base/java.util.ArrayList.forEach(ArrayList.java:1511)
... Removed 30 stack frames]]>
    </failure>
  </testcase> <!-- @BeforeClass setup -->
  <testcase classname="mobileautomation.Login" name="log" time="0.0">
    <skipped/>
  </testcase> <!-- log -->
</testsuite> <!-- Test -->
